<?xml version="1.0" encoding="UTF-8"?>
<!-- Generated by org.testng.reporters.JUnitReportReporter -->
<testsuite skipped="0" hostname="IN-00236766" name="testcases.demoblaze.End2EndTest" tests="1" failures="0" timestamp="26 May 2020 11:40:56 GMT" time="55.964" errors="0">
  <testcase name="purchaseProduct" time="55.964" classname="testcases.demoblaze.End2EndTest"/>
</testsuite> <!-- testcases.demoblaze.End2EndTest -->
